<?xml version="1.0" encoding="UTF-8"?>
<!-- Generated by org.testng.reporters.JUnitReportReporter -->
<testsuite hostname="DESKTOP-BQ7QH96" failures="0" tests="2" name="pradheepProject.seleniumTest" time="0.003" errors="0" timestamp="2021-06-22T10:45:51 IST" skipped="0">
  <testcase classname="pradheepProject.seleniumTest" name="browserAutomation" time="0.003"/>
  <system-out/>
  <testcase classname="pradheepProject.seleniumTest" name="openElementsUI" time="0.000"/>
  <system-out/>
</testsuite> <!-- pradheepProject.seleniumTest -->
