<?xml version="1.0" encoding="UTF-8"?>
<!-- Generated by org.testng.reporters.JUnitReportReporter -->
<testsuite hostname="DESKTOP-BQ7QH96" failures="0" tests="1" name="pradheepProject.AppiumTest" time="0.000" errors="0" timestamp="2021-06-22T10:45:51 IST" skipped="0">
  <testcase classname="pradheepProject.AppiumTest" name="deleteTwitter" time="0.000"/>
  <system-out/>
</testsuite> <!-- pradheepProject.AppiumTest -->
